<?xml version="1.0" encoding="UTF-8"?>
<?xml-stylesheet type="text/xsl" href="ivy-report.xsl"?>
<ivy-report version="1.0">
	<info
		organisation="test"
		module="test"
		revision="1.0"
		extra-sbtVersion="0.13"
		extra-scalaVersion="2.11"
		conf="docs"
		confs="compile, runtime, test, provided, optional, compile-internal, runtime-internal, test-internal, plugin, sources, docs, pom, scala-tool"
		date="20141211184422"/>
	<dependencies>
	</dependencies>
</ivy-report>
